Build started 11/18/2016 11:57:51 AM.
Project "C:\Users\Administrator\Desktop\Sample Code\Castle\Castle.vcxproj" on node 2 (Build target(s)).
ClCompile:
  D:\Z_Kareem\software\VS installation\VC\bin\CL.exe /c /ZI /nologo /W3 /WX- /Od /Oy- /D WIN32 /D _DEBUG /D _CONSOLE /D _UNICODE /D UNICODE /Gm /EHsc /RTC1 /MDd /GS /fp:precise /Zc:wchar_t /Zc:forScope /Fo"Debug\\" /Fd"Debug\vc110.pdb" /Gd /TP /analyze- /errorReport:prompt Enemy.cpp File_IO.cpp Tower.cpp
  Tower.cpp
c:\users\administrator\desktop\sample code\castle\tower.cpp(7): warning C4244: '=' : conversion from 'double' to 'int', possible loss of data
  File_IO.cpp
  Enemy.cpp
c:\users\administrator\desktop\sample code\castle\enemy.cpp(11): warning C4244: '=' : conversion from 'double' to 'float', possible loss of data
  Generating Code...
Link:
  D:\Z_Kareem\software\VS installation\VC\bin\link.exe /ERRORREPORT:PROMPT /OUT:"C:\Users\Administrator\Desktop\Sample Code\Debug\Castle.exe" /INCREMENTAL /NOLOGO kernel32.lib user32.lib gdi32.lib winspool.lib comdlg32.lib advapi32.lib shell32.lib ole32.lib oleaut32.lib uuid.lib odbc32.lib odbccp32.lib /MANIFEST /MANIFESTUAC:"level='asInvoker' uiAccess='false'" /manifest:embed /DEBUG /PDB:"C:\Users\Administrator\Desktop\Sample Code\Debug\Castle.pdb" /SUBSYSTEM:CONSOLE /TLBID:1 /DYNAMICBASE /NXCOMPAT /IMPLIB:"C:\Users\Administrator\Desktop\Sample Code\Debug\Castle.lib" /MACHINE:X86 /SAFESEH Debug\Demo.obj
  Debug\Enemy.obj
  Debug\File_IO.obj
  Debug\Tower.obj
  Debug\utility.obj
Demo.obj : warning LNK4075: ignoring '/EDITANDCONTINUE' due to '/SAFESEH' specification
  Castle.vcxproj -> C:\Users\Administrator\Desktop\Sample Code\Debug\Castle.exe
Done Building Project "C:\Users\Administrator\Desktop\Sample Code\Castle\Castle.vcxproj" (Build target(s)).

Build succeeded.

Time Elapsed 00:00:09.67
